<?xml version="1.0" encoding="UTF-8"?>
<!-- Generated by org.testng.reporters.JUnitReportReporter -->
<testsuite hostname="pillu" name="TestCase.GmailRegistrationTest" tests="1" failures="0" timestamp="11 Jan 2016 16:15:58 GMT" time="39.602" errors="0">
  <testcase name="start" time="39.602" classname="TestCase.GmailRegistrationTest"/>
</testsuite> <!-- TestCase.GmailRegistrationTest -->
